<?xml version="1.0" encoding="UTF-8"?>
<!-- Generated by org.testng.reporters.JUnitReportReporter -->
<testsuite hostname="sidcluc349" failures="0" tests="1" name="testcases.FlipkartAddToCartTest" time="30.215" errors="0" timestamp="2020-09-26T20:17:25 IST" skipped="0">
  <testcase classname="testcases.FlipkartAddToCartTest" name="verificationOfItemsAddedToCart" time="30.215"/>
</testsuite> <!-- testcases.FlipkartAddToCartTest -->
